'[22/Jul/2025:12:40:06 +0700] 0:0:0:0:0:0:0:1 "GET / HTTP/1.1" 200 (184 ms)'
'[22/Jul/2025:12:40:07 +0700] 0:0:0:0:0:0:0:1 "GET / HTTP/1.1" 200 (14 ms)'
'[22/Jul/2025:12:40:07 +0700] 0:0:0:0:0:0:0:1 "GET /ws/info?t=1753162807543 HTTP/1.1" 200 (9 ms)'
'[22/Jul/2025:12:40:07 +0700] 0:0:0:0:0:0:0:1 "GET /ws/674/mopz5hai/websocket HTTP/1.1" 101 (11 ms)'
'[22/Jul/2025:12:40:07 +0700] 0:0:0:0:0:0:0:1 "GET /favicon.ico HTTP/1.1" 404 (31 ms)'
'[22/Jul/2025:12:40:26 +0700] 0:0:0:0:0:0:0:1 "GET /chat HTTP/1.1" 200 (9 ms)'
'[22/Jul/2025:12:40:26 +0700] 0:0:0:0:0:0:0:1 "GET /ws/info?t=1753162826393 HTTP/1.1" 200 (2 ms)'
'[22/Jul/2025:12:40:26 +0700] 0:0:0:0:0:0:0:1 "GET /ws/231/utrucm2t/websocket HTTP/1.1" 101 (4 ms)'
'[22/Jul/2025:12:40:26 +0700] 0:0:0:0:0:0:0:1 "GET /api/chat/conversations HTTP/1.1" 500 (13 ms)'
'[22/Jul/2025:12:40:26 +0700] 0:0:0:0:0:0:0:1 "GET /api/chat/unread HTTP/1.1" 500 (13 ms)'
'[22/Jul/2025:12:40:29 +0700] 0:0:0:0:0:0:0:1 "GET / HTTP/1.1" 200 (12 ms)'
'[22/Jul/2025:12:40:29 +0700] 0:0:0:0:0:0:0:1 "GET /ws/info?t=1753162829334 HTTP/1.1" 200 (2 ms)'
'[22/Jul/2025:12:40:29 +0700] 0:0:0:0:0:0:0:1 "GET /ws/392/m3d33ozd/websocket HTTP/1.1" 101 (3 ms)'
'[22/Jul/2025:12:40:42 +0700] 0:0:0:0:0:0:0:1 "POST /logout HTTP/1.1" 302 (5 ms)'
'[22/Jul/2025:12:40:42 +0700] 0:0:0:0:0:0:0:1 "GET /login?logout HTTP/1.1" 200 (4 ms)'
'[22/Jul/2025:12:40:50 +0700] 0:0:0:0:0:0:0:1 "POST /login HTTP/1.1" 302 (116 ms)'
'[22/Jul/2025:12:40:50 +0700] 0:0:0:0:0:0:0:1 "GET /login?error HTTP/1.1" 200 (2 ms)'
'[22/Jul/2025:12:40:58 +0700] 0:0:0:0:0:0:0:1 "POST /login HTTP/1.1" 302 (59 ms)'
'[22/Jul/2025:12:40:58 +0700] 0:0:0:0:0:0:0:1 "GET /login?error HTTP/1.1" 200 (1 ms)'
'[22/Jul/2025:12:41:19 +0700] 0:0:0:0:0:0:0:1 "POST /login HTTP/1.1" 302 (54 ms)'
'[22/Jul/2025:12:41:19 +0700] 0:0:0:0:0:0:0:1 "GET / HTTP/1.1" 200 (10 ms)'
'[22/Jul/2025:12:41:19 +0700] 0:0:0:0:0:0:0:1 "GET /ws/info?t=1753162879737 HTTP/1.1" 200 (1 ms)'
'[22/Jul/2025:12:41:19 +0700] 0:0:0:0:0:0:0:1 "GET /ws/574/f3m55vtm/websocket HTTP/1.1" 101 (2 ms)'
'[22/Jul/2025:12:41:21 +0700] 0:0:0:0:0:0:0:1 "GET /chat HTTP/1.1" 200 (5 ms)'
'[22/Jul/2025:12:41:21 +0700] 0:0:0:0:0:0:0:1 "GET /ws/info?t=1753162881732 HTTP/1.1" 200 (1 ms)'
'[22/Jul/2025:12:41:21 +0700] 0:0:0:0:0:0:0:1 "GET /ws/555/ghx3dot0/websocket HTTP/1.1" 101 (1 ms)'
'[22/Jul/2025:12:41:21 +0700] 0:0:0:0:0:0:0:1 "GET /api/chat/unread HTTP/1.1" 200 (43 ms)'
'[22/Jul/2025:12:41:21 +0700] 0:0:0:0:0:0:0:1 "GET /api/chat/conversations HTTP/1.1" 500 (51 ms)'
'[22/Jul/2025:12:44:37 +0700] 127.0.0.1 "GET /ws/info?t=1753163076236 HTTP/1.1" 200 (2 ms)'
'[22/Jul/2025:12:44:37 +0700] 0:0:0:0:0:0:0:1 "GET /ws/443/stkskaoo/websocket HTTP/1.1" 101 (1 ms)'
'[22/Jul/2025:12:44:37 +0700] 127.0.0.1 "GET /api/chat/unread HTTP/1.1" 200 (2 ms)'
'[22/Jul/2025:12:44:37 +0700] 0:0:0:0:0:0:0:1 "GET /api/chat/conversations HTTP/1.1" 200 (4 ms)'
'[22/Jul/2025:12:45:10 +0700] 0:0:0:0:0:0:0:1 "GET /ws/info?t=1753163110740 HTTP/1.1" 200 (4 ms)'
'[22/Jul/2025:12:45:10 +0700] 0:0:0:0:0:0:0:1 "GET /ws/222/nn4q3n05/websocket HTTP/1.1" 101 (1 ms)'
'[22/Jul/2025:12:45:10 +0700] 0:0:0:0:0:0:0:1 "GET /api/chat/conversations HTTP/1.1" 200 (2 ms)'
'[22/Jul/2025:12:45:10 +0700] 0:0:0:0:0:0:0:1 "GET /api/chat/unread HTTP/1.1" 200 (2 ms)'
'[22/Jul/2025:12:59:06 +0700] 0:0:0:0:0:0:0:1 "GET /ws/info?t=1753163945986 HTTP/1.1" 200 (44 ms)'
'[22/Jul/2025:12:59:06 +0700] 0:0:0:0:0:0:0:1 "GET /ws/352/dglvyj4v/websocket HTTP/1.1" 101 (12 ms)'
'[22/Jul/2025:12:59:06 +0700] 0:0:0:0:0:0:0:1 "GET /api/chat/unread HTTP/1.1" 200 (33 ms)'
'[22/Jul/2025:12:59:06 +0700] 0:0:0:0:0:0:0:1 "GET /api/chat/conversations HTTP/1.1" 200 (34 ms)'
'[22/Jul/2025:12:59:06 +0700] 0:0:0:0:0:0:0:1 "GET / HTTP/1.1" 200 (156 ms)'
'[22/Jul/2025:12:59:06 +0700] 0:0:0:0:0:0:0:1 "GET /ws/info?t=1753163946988 HTTP/1.1" 200 (1 ms)'
'[22/Jul/2025:12:59:07 +0700] 0:0:0:0:0:0:0:1 "GET /ws/925/l2cqg3ux/websocket HTTP/1.1" 101 (4 ms)'
'[22/Jul/2025:12:59:09 +0700] 0:0:0:0:0:0:0:1 "GET / HTTP/1.1" 200 (12 ms)'
'[22/Jul/2025:12:59:09 +0700] 0:0:0:0:0:0:0:1 "GET /ws/info?t=1753163949160 HTTP/1.1" 200 (1 ms)'
'[22/Jul/2025:12:59:09 +0700] 0:0:0:0:0:0:0:1 "GET /ws/494/e2tgxkvk/websocket HTTP/1.1" 101 (2 ms)'
'[22/Jul/2025:12:59:18 +0700] 0:0:0:0:0:0:0:1 "POST /logout HTTP/1.1" 302 (6 ms)'
'[22/Jul/2025:12:59:18 +0700] 0:0:0:0:0:0:0:1 "GET /login?logout HTTP/1.1" 200 (7 ms)'
'[22/Jul/2025:12:59:29 +0700] 0:0:0:0:0:0:0:1 "POST /login HTTP/1.1" 302 (139 ms)'
'[22/Jul/2025:12:59:29 +0700] 0:0:0:0:0:0:0:1 "GET / HTTP/1.1" 200 (14 ms)'
'[22/Jul/2025:12:59:29 +0700] 0:0:0:0:0:0:0:1 "GET /ws/info?t=1753163969864 HTTP/1.1" 200 (1 ms)'
'[22/Jul/2025:12:59:29 +0700] 0:0:0:0:0:0:0:1 "GET /ws/296/0to3oaik/websocket HTTP/1.1" 101 (4 ms)'
'[22/Jul/2025:12:59:49 +0700] 0:0:0:0:0:0:0:1 "GET / HTTP/1.1" 200 (21 ms)'
'[22/Jul/2025:12:59:49 +0700] 0:0:0:0:0:0:0:1 "GET /ws/info?t=1753163989713 HTTP/1.1" 200 (1 ms)'
'[22/Jul/2025:12:59:49 +0700] 0:0:0:0:0:0:0:1 "GET /ws/438/qodm1eye/websocket HTTP/1.1" 101 (2 ms)'
'[22/Jul/2025:12:59:49 +0700] 0:0:0:0:0:0:0:1 "GET /favicon.ico HTTP/1.1" 404 (20 ms)'
'[22/Jul/2025:13:00:07 +0700] 0:0:0:0:0:0:0:1 "POST /logout HTTP/1.1" 302 (1 ms)'
'[22/Jul/2025:13:00:07 +0700] 0:0:0:0:0:0:0:1 "GET /login?logout HTTP/1.1" 200 (3 ms)'
'[22/Jul/2025:13:00:22 +0700] 0:0:0:0:0:0:0:1 "POST /login HTTP/1.1" 302 (68 ms)'
'[22/Jul/2025:13:00:23 +0700] 0:0:0:0:0:0:0:1 "GET /login?error HTTP/1.1" 200 (2 ms)'
'[22/Jul/2025:13:00:36 +0700] 0:0:0:0:0:0:0:1 "POST /login HTTP/1.1" 302 (56 ms)'
'[22/Jul/2025:13:00:36 +0700] 0:0:0:0:0:0:0:1 "GET / HTTP/1.1" 200 (8 ms)'
'[22/Jul/2025:13:00:36 +0700] 0:0:0:0:0:0:0:1 "GET /ws/info?t=1753164036181 HTTP/1.1" 200 (1 ms)'
'[22/Jul/2025:13:00:36 +0700] 0:0:0:0:0:0:0:1 "GET /ws/703/vsljndje/websocket HTTP/1.1" 101 (1 ms)'
'[22/Jul/2025:13:00:56 +0700] 0:0:0:0:0:0:0:1 "GET /ws/info?t=1753164056492 HTTP/1.1" 200 (1 ms)'
'[22/Jul/2025:13:00:56 +0700] 0:0:0:0:0:0:0:1 "GET /ws/info?t=1753164056492 HTTP/1.1" 200 (0 ms)'
'[22/Jul/2025:13:00:56 +0700] 0:0:0:0:0:0:0:1 "GET /ws/343/kokamkue/websocket HTTP/1.1" 101 (1 ms)'
'[22/Jul/2025:13:00:56 +0700] 0:0:0:0:0:0:0:1 "GET /ws/541/ksjlzepn/websocket HTTP/1.1" 101 (1 ms)'
'[22/Jul/2025:13:01:01 +0700] 0:0:0:0:0:0:0:1 "GET /ws/info?t=1753164061719 HTTP/1.1" 200 (1 ms)'
'[22/Jul/2025:13:01:01 +0700] 0:0:0:0:0:0:0:1 "GET /ws/info?t=1753164061719 HTTP/1.1" 200 (1 ms)'
'[22/Jul/2025:13:01:01 +0700] 0:0:0:0:0:0:0:1 "GET /ws/186/i1hnd2ez/websocket HTTP/1.1" 101 (1 ms)'
'[22/Jul/2025:13:01:01 +0700] 0:0:0:0:0:0:0:1 "GET /ws/527/mnpnq1ht/websocket HTTP/1.1" 101 (3 ms)'
'[22/Jul/2025:13:01:06 +0700] 0:0:0:0:0:0:0:1 "GET /ws/info?t=1753164066825 HTTP/1.1" 200 (3 ms)'
'[22/Jul/2025:13:01:06 +0700] 0:0:0:0:0:0:0:1 "GET /ws/info?t=1753164066825 HTTP/1.1" 200 (1 ms)'
'[22/Jul/2025:13:01:06 +0700] 0:0:0:0:0:0:0:1 "GET /ws/765/o1pbincg/websocket HTTP/1.1" 101 (2 ms)'
'[22/Jul/2025:13:01:06 +0700] 0:0:0:0:0:0:0:1 "GET /ws/084/kh13aktk/websocket HTTP/1.1" 101 (2 ms)'
'[22/Jul/2025:13:01:11 +0700] 0:0:0:0:0:0:0:1 "GET /ws/info?t=1753164071158 HTTP/1.1" 200 (1 ms)'
'[22/Jul/2025:13:01:11 +0700] 0:0:0:0:0:0:0:1 "GET /ws/info?t=1753164071158 HTTP/1.1" 200 (1 ms)'
'[22/Jul/2025:13:01:11 +0700] 0:0:0:0:0:0:0:1 "GET /ws/946/fhgnt4pz/websocket HTTP/1.1" 101 (1 ms)'
'[22/Jul/2025:13:01:11 +0700] 0:0:0:0:0:0:0:1 "GET /ws/802/zihic0xa/websocket HTTP/1.1" 101 (1 ms)'
'[22/Jul/2025:13:01:11 +0700] 0:0:0:0:0:0:0:1 "GET /ws/info?t=1753164071890 HTTP/1.1" 200 (1 ms)'
'[22/Jul/2025:13:01:11 +0700] 0:0:0:0:0:0:0:1 "GET /ws/info?t=1753164071889 HTTP/1.1" 200 (1 ms)'
'[22/Jul/2025:13:01:11 +0700] 0:0:0:0:0:0:0:1 "GET /ws/513/d4imuczw/websocket HTTP/1.1" 101 (2 ms)'
'[22/Jul/2025:13:01:11 +0700] 0:0:0:0:0:0:0:1 "GET /ws/638/2iuvmuqu/websocket HTTP/1.1" 101 (1 ms)'
'[22/Jul/2025:13:01:16 +0700] 0:0:0:0:0:0:0:1 "GET / HTTP/1.1" 200 (6 ms)'
'[22/Jul/2025:13:01:16 +0700] 0:0:0:0:0:0:0:1 "GET /ws/info?t=1753164076016 HTTP/1.1" 200 (0 ms)'
'[22/Jul/2025:13:01:16 +0700] 0:0:0:0:0:0:0:1 "GET /ws/116/apqjxcmr/websocket HTTP/1.1" 101 (1 ms)'
'[22/Jul/2025:13:01:17 +0700] 0:0:0:0:0:0:0:1 "GET /ws/info?t=1753164077001 HTTP/1.1" 200 (1 ms)'
'[22/Jul/2025:13:01:17 +0700] 0:0:0:0:0:0:0:1 "GET /ws/info?t=1753164077001 HTTP/1.1" 200 (0 ms)'
'[22/Jul/2025:13:01:17 +0700] 0:0:0:0:0:0:0:1 "GET /ws/476/nenwsgnp/websocket HTTP/1.1" 101 (1 ms)'
'[22/Jul/2025:13:01:17 +0700] 0:0:0:0:0:0:0:1 "GET /ws/054/5qnoexuj/websocket HTTP/1.1" 101 (1 ms)'
'[22/Jul/2025:13:01:22 +0700] 0:0:0:0:0:0:0:1 "GET /ws/info?t=1753164082053 HTTP/1.1" 200 (1 ms)'
'[22/Jul/2025:13:01:22 +0700] 0:0:0:0:0:0:0:1 "GET /ws/info?t=1753164082057 HTTP/1.1" 200 (1 ms)'
'[22/Jul/2025:13:01:22 +0700] 0:0:0:0:0:0:0:1 "GET /ws/218/gxt3fx5t/websocket HTTP/1.1" 101 (1 ms)'
'[22/Jul/2025:13:01:22 +0700] 0:0:0:0:0:0:0:1 "GET /ws/241/f111vjn4/websocket HTTP/1.1" 101 (1 ms)'
'[22/Jul/2025:13:01:27 +0700] 0:0:0:0:0:0:0:1 "GET /ws/info?t=1753164087111 HTTP/1.1" 200 (2 ms)'
'[22/Jul/2025:13:01:27 +0700] 0:0:0:0:0:0:0:1 "GET /ws/info?t=1753164087111 HTTP/1.1" 200 (1 ms)'
'[22/Jul/2025:13:01:27 +0700] 0:0:0:0:0:0:0:1 "GET /ws/278/uion1fck/websocket HTTP/1.1" 101 (1 ms)'
'[22/Jul/2025:13:01:27 +0700] 0:0:0:0:0:0:0:1 "GET /ws/329/uiqaof55/websocket HTTP/1.1" 101 (2 ms)'
'[22/Jul/2025:13:02:02 +0700] 0:0:0:0:0:0:0:1 "POST /logout HTTP/1.1" 302 (1 ms)'
'[22/Jul/2025:13:02:02 +0700] 0:0:0:0:0:0:0:1 "GET /login?logout HTTP/1.1" 200 (3 ms)'
'[22/Jul/2025:13:44:58 +0700] 0:0:0:0:0:0:0:1 "GET / HTTP/1.1" 200 (198 ms)'
'[22/Jul/2025:13:44:58 +0700] 0:0:0:0:0:0:0:1 "GET /ws/info?t=1753166698253 HTTP/1.1" 200 (8 ms)'
'[22/Jul/2025:13:44:58 +0700] 0:0:0:0:0:0:0:1 "GET /ws/634/fpnbpy2o/websocket HTTP/1.1" 101 (16 ms)'
'[22/Jul/2025:13:45:04 +0700] 0:0:0:0:0:0:0:1 "POST /logout HTTP/1.1" 302 (5 ms)'
'[22/Jul/2025:13:45:04 +0700] 0:0:0:0:0:0:0:1 "GET /login?logout HTTP/1.1" 200 (5 ms)'
'[22/Jul/2025:13:45:26 +0700] 0:0:0:0:0:0:0:1 "POST /login HTTP/1.1" 302 (108 ms)'
'[22/Jul/2025:13:45:26 +0700] 0:0:0:0:0:0:0:1 "GET / HTTP/1.1" 200 (11 ms)'
'[22/Jul/2025:13:45:26 +0700] 0:0:0:0:0:0:0:1 "GET /ws/info?t=1753166726953 HTTP/1.1" 200 (2 ms)'
'[22/Jul/2025:13:45:26 +0700] 0:0:0:0:0:0:0:1 "GET /ws/202/wt5ips45/websocket HTTP/1.1" 101 (2 ms)'
'[22/Jul/2025:13:45:34 +0700] 0:0:0:0:0:0:0:1 "GET / HTTP/1.1" 200 (18 ms)'
'[22/Jul/2025:13:45:34 +0700] 0:0:0:0:0:0:0:1 "GET /ws/info?t=1753166734663 HTTP/1.1" 200 (2 ms)'
'[22/Jul/2025:13:45:34 +0700] 0:0:0:0:0:0:0:1 "GET /ws/377/12xc4uam/websocket HTTP/1.1" 101 (2 ms)'
'[22/Jul/2025:13:45:34 +0700] 0:0:0:0:0:0:0:1 "GET /favicon.ico HTTP/1.1" 404 (24 ms)'
'[22/Jul/2025:13:45:36 +0700] 0:0:0:0:0:0:0:1 "POST /logout HTTP/1.1" 302 (1 ms)'
'[22/Jul/2025:13:45:36 +0700] 0:0:0:0:0:0:0:1 "GET /login?logout HTTP/1.1" 200 (4 ms)'
'[22/Jul/2025:13:45:38 +0700] 0:0:0:0:0:0:0:1 "POST /login HTTP/1.1" 302 (54 ms)'
'[22/Jul/2025:13:45:38 +0700] 0:0:0:0:0:0:0:1 "GET / HTTP/1.1" 200 (7 ms)'
'[22/Jul/2025:13:45:38 +0700] 0:0:0:0:0:0:0:1 "GET /ws/info?t=1753166738156 HTTP/1.1" 200 (2 ms)'
'[22/Jul/2025:13:45:38 +0700] 0:0:0:0:0:0:0:1 "GET /ws/692/1ev44urp/websocket HTTP/1.1" 101 (1 ms)'
'[22/Jul/2025:13:48:17 +0700] 0:0:0:0:0:0:0:1 "GET /ws/info?t=1753166897305 HTTP/1.1" 200 (4 ms)'
'[22/Jul/2025:13:48:17 +0700] 0:0:0:0:0:0:0:1 "GET /ws/819/jwyymun3/websocket HTTP/1.1" 101 (2 ms)'
'[22/Jul/2025:13:48:17 +0700] 0:0:0:0:0:0:0:1 "GET /ws/info?t=1753166897557 HTTP/1.1" 200 (1 ms)'
'[22/Jul/2025:13:48:17 +0700] 0:0:0:0:0:0:0:1 "GET /ws/970/3sna4psm/websocket HTTP/1.1" 101 (1 ms)'
'[22/Jul/2025:13:48:19 +0700] 0:0:0:0:0:0:0:1 "GET /ws/info?t=1753166899711 HTTP/1.1" 200 (3 ms)'
'[22/Jul/2025:13:48:19 +0700] 0:0:0:0:0:0:0:1 "GET /ws/092/ax3wt5ca/websocket HTTP/1.1" 101 (1 ms)'
'[22/Jul/2025:13:48:19 +0700] 0:0:0:0:0:0:0:1 "GET /ws/info?t=1753166899727 HTTP/1.1" 200 (1 ms)'
'[22/Jul/2025:13:48:19 +0700] 0:0:0:0:0:0:0:1 "GET /ws/250/atxkrlf5/websocket HTTP/1.1" 101 (1 ms)'
